[INFO] Scanning for projects...
[WARNING] 
[WARNING] Some problems were encountered while building the effective model for com.raunak:FirstProject:jar:0.0.1-SNAPSHOT
[WARNING] 'dependencies.dependency.(groupId:artifactId:type:classifier)' must be unique: org.springframework.boot:spring-boot-starter-security:jar -> duplicate declaration of version (?) @ line 101, column 21
[WARNING] 'dependencies.dependency.(groupId:artifactId:type:classifier)' must be unique: org.springframework.boot:spring-boot-starter-security-test:jar -> duplicate declaration of version (?) @ line 106, column 21
[WARNING] 
[WARNING] It is highly recommended to fix these problems because they threaten the stability of your build.
[WARNING] 
[WARNING] For this reason, future Maven versions might no longer support building such malformed projects.
[WARNING] 
[INFO] 
[INFO] ----------------------< com.raunak:FirstProject >-----------------------
[INFO] Building FirstProject 0.0.1-SNAPSHOT
[INFO]   from pom.xml
[INFO] --------------------------------[ jar ]---------------------------------
[INFO] 
[INFO] --- clean:3.5.0:clean (default-clean) @ FirstProject ---
[INFO] Deleting C:\Users\Deedar\Desktop\Spring-boot\FirstProject\target
[INFO] 
[INFO] --- resources:3.3.1:resources (default-resources) @ FirstProject ---
[INFO] Copying 1 resource from src\main\resources to target\classes
[INFO] Copying 2 resources from src\main\resources to target\classes
[INFO] 
[INFO] --- compiler:3.14.1:compile (default-compile) @ FirstProject ---
[INFO] Recompiling the module because of changed source code.
[INFO] Compiling 31 source files with javac [debug parameters release 21] to target\classes
[INFO] /C:/Users/Deedar/Desktop/Spring-boot/FirstProject/src/main/java/com/raunak/FirstProject/Security/WebSecurityConfig.java: C:\Users\Deedar\Desktop\Spring-boot\FirstProject\src\main\java\com\raunak\FirstProject\Security\WebSecurityConfig.java uses or overrides a deprecated API.
[INFO] /C:/Users/Deedar/Desktop/Spring-boot/FirstProject/src/main/java/com/raunak/FirstProject/Security/WebSecurityConfig.java: Recompile with -Xlint:deprecation for details.
[INFO] -------------------------------------------------------------
[ERROR] COMPILATION ERROR : 
[INFO] -------------------------------------------------------------
[ERROR] /C:/Users/Deedar/Desktop/Spring-boot/FirstProject/src/main/java/com/raunak/FirstProject/Security/WebSecurityConfig.java:[39,46] constructor DaoAuthenticationProvider in class org.springframework.security.authentication.dao.DaoAuthenticationProvider cannot be applied to given types;
  required: org.springframework.security.core.userdetails.UserDetailsService
  found:    no arguments
  reason: actual and formal argument lists differ in length
[ERROR] /C:/Users/Deedar/Desktop/Spring-boot/FirstProject/src/main/java/com/raunak/FirstProject/Security/WebSecurityConfig.java:[40,17] cannot find symbol
  symbol:   method setUserDetailsService(org.springframework.security.core.userdetails.UserDetailsService)
  location: variable provider of type org.springframework.security.authentication.dao.DaoAuthenticationProvider
[INFO] 2 errors 
[INFO] -------------------------------------------------------------
[INFO] ------------------------------------------------------------------------
[INFO] BUILD FAILURE
[INFO] ------------------------------------------------------------------------
[INFO] Total time:  21.972 s
[INFO] Finished at: 2025-12-06T23:43:51+05:30
[INFO] ------------------------------------------------------------------------
[ERROR] Failed to execute goal org.apache.maven.plugins:maven-compiler-plugin:3.14.1:compile (default-compile) on project FirstProject: Compilation failure: Compilation failure: 
[ERROR] /C:/Users/Deedar/Desktop/Spring-boot/FirstProject/src/main/java/com/raunak/FirstProject/Security/WebSecurityConfig.java:[39,46] constructor DaoAuthenticationProvider in class org.springframework.security.authentication.dao.DaoAuthenticationProvider cannot be applied to given types;
[ERROR]   required: org.springframework.security.core.userdetails.UserDetailsService
[ERROR]   found:    no arguments
[ERROR]   reason: actual and formal argument lists differ in length
[ERROR] /C:/Users/Deedar/Desktop/Spring-boot/FirstProject/src/main/java/com/raunak/FirstProject/Security/WebSecurityConfig.java:[40,17] cannot find symbol
[ERROR]   symbol:   method setUserDetailsService(org.springframework.security.core.userdetails.UserDetailsService)
[ERROR]   location: variable provider of type org.springframework.security.authentication.dao.DaoAuthenticationProvider
[ERROR] -> [Help 1]
[ERROR] 
[ERROR] To see the full stack trace of the errors, re-run Maven with the -e switch.
[ERROR] Re-run Maven using the -X switch to enable full debug logging.
[ERROR] 
[ERROR] For more information about the errors and possible solutions, please read the following articles:
[ERROR] [Help 1] http://cwiki.apache.org/confluence/display/MAVEN/MojoFailureException
